<?xml version="1.0" encoding="UTF-8"?>
<!-- Generated by org.testng.reporters.JUnitReportReporter -->
<testsuite hostname="sureshsir-PC" name="com.qedge.tests.LoginDDT" tests="3" failures="0" timestamp="26 Dec 2016 07:23:18 GMT" time="0.016" errors="0">
  <testcase name="loginTest" time="0.000" classname="com.qedge.tests.LoginDDT"/>
  <testcase name="loginTest" time="0.016" classname="com.qedge.tests.LoginDDT"/>
  <testcase name="loginTest" time="0.000" classname="com.qedge.tests.LoginDDT"/>
</testsuite> <!-- com.qedge.tests.LoginDDT -->
