<?xml version="1.0" encoding="UTF-8"?>
<!-- Generated by org.testng.reporters.JUnitReportReporter -->
<testsuite hostname="sureshsir-PC" name="com.qedge.tests.BankerLoginDDT" tests="3" failures="0" timestamp="27 Dec 2016 05:11:46 GMT" time="4.356" errors="0">
  <testcase name="bankerLoginDDT" time="1.015" classname="com.qedge.tests.BankerLoginDDT"/>
  <testcase name="bankerLoginDDT" time="2.388" classname="com.qedge.tests.BankerLoginDDT"/>
  <testcase name="bankerLoginDDT" time="0.953" classname="com.qedge.tests.BankerLoginDDT"/>
</testsuite> <!-- com.qedge.tests.BankerLoginDDT -->
